[debug] [2023-03-01T14:22:08.487Z] ----------------------------------------------------------------------
[debug] [2023-03-01T14:22:08.488Z] Command:       /home/benjyongzh/.nvm/versions/node/v16.17.1/bin/node /home/benjyongzh/.nvm/versions/node/v16.17.1/bin/firebase serve --only hosting
[debug] [2023-03-01T14:22:08.488Z] CLI Version:   11.24.0
[debug] [2023-03-01T14:22:08.489Z] Platform:      linux
[debug] [2023-03-01T14:22:08.489Z] Node Version:  v16.17.1
[debug] [2023-03-01T14:22:08.496Z] Time:          Wed Mar 01 2023 22:22:08 GMT+0800 (Singapore Standard Time)
[debug] [2023-03-01T14:22:08.496Z] ----------------------------------------------------------------------
[debug] 
[debug] [2023-03-01T14:22:08.597Z] > command requires scopes: ["email","openid","https://www.googleapis.com/auth/cloudplatformprojects.readonly","https://www.googleapis.com/auth/firebase","https://www.googleapis.com/auth/cloud-platform"]
[debug] [2023-03-01T14:22:08.598Z] > authorizing via signed-in user (benjyongzh@gmail.com)
[debug] [2023-03-01T14:22:08.598Z] [iam] checking project friendlychat-329a8 for permissions ["firebase.projects.get"]
[debug] [2023-03-01T14:22:08.598Z] > refreshing access token with scopes: []
[debug] [2023-03-01T14:22:08.600Z] >>> [apiv2][query] POST https://www.googleapis.com/oauth2/v3/token [none]
[debug] [2023-03-01T14:22:08.600Z] >>> [apiv2][body] POST https://www.googleapis.com/oauth2/v3/token [omitted]
[debug] [2023-03-01T14:22:08.708Z] <<< [apiv2][status] POST https://www.googleapis.com/oauth2/v3/token 200
[debug] [2023-03-01T14:22:08.709Z] <<< [apiv2][body] POST https://www.googleapis.com/oauth2/v3/token [omitted]
[debug] [2023-03-01T14:22:08.715Z] >>> [apiv2][query] POST https://cloudresourcemanager.googleapis.com/v1/projects/friendlychat-329a8:testIamPermissions [none]
[debug] [2023-03-01T14:22:08.715Z] >>> [apiv2][(partial)header] POST https://cloudresourcemanager.googleapis.com/v1/projects/friendlychat-329a8:testIamPermissions x-goog-quota-user=projects/friendlychat-329a8
[debug] [2023-03-01T14:22:08.715Z] >>> [apiv2][body] POST https://cloudresourcemanager.googleapis.com/v1/projects/friendlychat-329a8:testIamPermissions {"permissions":["firebase.projects.get"]}
[debug] [2023-03-01T14:22:09.821Z] <<< [apiv2][status] POST https://cloudresourcemanager.googleapis.com/v1/projects/friendlychat-329a8:testIamPermissions 200
[debug] [2023-03-01T14:22:09.821Z] <<< [apiv2][body] POST https://cloudresourcemanager.googleapis.com/v1/projects/friendlychat-329a8:testIamPermissions {"permissions":["firebase.projects.get"]}
[debug] [2023-03-01T14:22:09.822Z] >>> [apiv2][query] GET https://firebase.googleapis.com/v1beta1/projects/friendlychat-329a8 [none]
[debug] [2023-03-01T14:22:10.153Z] <<< [apiv2][status] GET https://firebase.googleapis.com/v1beta1/projects/friendlychat-329a8 200
[debug] [2023-03-01T14:22:10.153Z] <<< [apiv2][body] GET https://firebase.googleapis.com/v1beta1/projects/friendlychat-329a8 {"projectId":"friendlychat-329a8","projectNumber":"834316921200","displayName":"FriendlyChat","name":"projects/friendlychat-329a8","resources":{"hostingSite":"friendlychat-329a8","storageBucket":"friendlychat-329a8.appspot.com","locationId":"asia-southeast1"},"state":"ACTIVE","etag":"1_a6aa3171-a60f-4267-8246-557256abd286"}
[debug] [2023-03-01T14:22:10.155Z] >>> [apiv2][query] GET https://firebasehosting.googleapis.com/v1beta1/projects/friendlychat-329a8/sites 
[debug] [2023-03-01T14:22:11.127Z] <<< [apiv2][status] GET https://firebasehosting.googleapis.com/v1beta1/projects/friendlychat-329a8/sites 200
[debug] [2023-03-01T14:22:11.127Z] <<< [apiv2][body] GET https://firebasehosting.googleapis.com/v1beta1/projects/friendlychat-329a8/sites {"sites":[{"name":"projects/friendlychat-329a8/sites/friendlychat-329a8","defaultUrl":"https://friendlychat-329a8.web.app","appId":"1:834316921200:web:ff99cd9b75dfe4d09707b5","type":"DEFAULT_SITE"}]}
[debug] [2023-03-01T14:22:11.128Z] >>> [apiv2][query] GET https://firebase.googleapis.com/v1beta1/projects/friendlychat-329a8/webApps/1:834316921200:web:ff99cd9b75dfe4d09707b5/config [none]
[debug] [2023-03-01T14:22:12.347Z] <<< [apiv2][status] GET https://firebase.googleapis.com/v1beta1/projects/friendlychat-329a8/webApps/1:834316921200:web:ff99cd9b75dfe4d09707b5/config 200
[debug] [2023-03-01T14:22:12.347Z] <<< [apiv2][body] GET https://firebase.googleapis.com/v1beta1/projects/friendlychat-329a8/webApps/1:834316921200:web:ff99cd9b75dfe4d09707b5/config {"projectId":"friendlychat-329a8","appId":"1:834316921200:web:ff99cd9b75dfe4d09707b5","storageBucket":"friendlychat-329a8.appspot.com","locationId":"asia-southeast1","apiKey":"AIzaSyABKITcb5ySlPE2w3G3VYy6Bo3IW0fkbWM","authDomain":"friendlychat-329a8.firebaseapp.com","messagingSenderId":"834316921200"}
[debug] [2023-03-01T14:22:12.349Z] >>> [apiv2][query] GET https://firebase.googleapis.com/v1beta1/projects/friendlychat-329a8 [none]
[debug] [2023-03-01T14:22:12.905Z] <<< [apiv2][status] GET https://firebase.googleapis.com/v1beta1/projects/friendlychat-329a8 200
[debug] [2023-03-01T14:22:12.905Z] <<< [apiv2][body] GET https://firebase.googleapis.com/v1beta1/projects/friendlychat-329a8 {"projectId":"friendlychat-329a8","projectNumber":"834316921200","displayName":"FriendlyChat","name":"projects/friendlychat-329a8","resources":{"hostingSite":"friendlychat-329a8","storageBucket":"friendlychat-329a8.appspot.com","locationId":"asia-southeast1"},"state":"ACTIVE","etag":"1_a6aa3171-a60f-4267-8246-557256abd286"}
[info] i  hosting[friendlychat-329a8]: Serving hosting files from: ./public {"metadata":{"emulator":{"name":"hosting"},"message":"Serving hosting files from: \u001b[1m./public\u001b[22m"}}
[info] ✔  hosting[friendlychat-329a8]: Local server: http://localhost:5000 {"metadata":{"emulator":{"name":"hosting"},"message":"Local server: \u001b[4m\u001b[1mhttp://localhost:5000\u001b[22m\u001b[24m"}}
